<?xml version="1.0" encoding="UTF-8"?>
<!-- Generated by org.testng.reporters.JUnitReportReporter -->
<testsuite hostname="breadscrums-ThinkPad-T460" failures="0" tests="7" name="com.timik.tests.AddUserRolesTest" time="71.593" errors="2" timestamp="2024-10-22T13:04:29 IST" skipped="0">
  <testcase classname="com.timik.tests.AddUserRolesTest" name="verifyAddNewUserRoleButtonFunctionality" time="4.113"/>
  <system-out/>
  <testcase classname="com.timik.tests.AddUserRolesTest" name="testAddingNewUserRoleWithValidInputs" time="17.637"/>
  <system-out/>
  <testcase classname="com.timik.tests.AddUserRolesTest" name="verifyErrorHandlingWhenAddingRoleWithoutRoleName" time="8.422"/>
  <system-out/>
  <testcase classname="com.timik.tests.AddUserRolesTest" name="verifyErrorHandlingWhenAddingRoleWithoutRoleDescription" time="8.414"/>
  <system-out/>
  <testcase classname="com.timik.tests.AddUserRolesTest" name="testAddingNewUserRoleWithEmptyInputs" time="16.019"/>
  <system-out/>
  <testcase classname="com.timik.tests.AddUserRolesTest" name="testAddingNewUserRoleWithDuplicateRoleName" time="15.826">
    <error message="element click intercepted: Element &lt;button type=&quot;button&quot; class=&quot;flex items-center justify-center px-4 py-2 text-sm font-medium text-accent rounded-lg bg-primary hover:bg-primary-800 &quot;&gt;...&lt;/button&gt; is not clickable at point (1740, 73). Other element would receive the click: &lt;div class=&quot;absolute w-full h-full bg-gray-900 dark:bg-[#121212] opacity-50&quot; style=&quot;opacity: 0.5; will-change: auto;&quot;&gt;&lt;/div&gt;
  (Session info: chrome=130.0.6723.58)
Build info: version: &#039;4.25.0&#039;, revision: &#039;8a8aea2337&#039;
System info: os.name: &#039;Linux&#039;, os.arch: &#039;amd64&#039;, os.version: &#039;6.8.0-47-generic&#039;, java.version: &#039;21.0.4&#039;
Driver info: org.openqa.selenium.chrome.ChromeDriver
Command: [a2cebbd6d2afb69e8d0ba1e833550e70, clickElement {id=f.E7E512560B54127F4C1999363F3047DE.d.0A7D5B8340E1D20D49A545111347C7A3.e.160}]
Capabilities {acceptInsecureCerts: false, browserName: chrome, browserVersion: 130.0.6723.58, chrome: {chromedriverVersion: 130.0.6723.58 (3a50e012e4c9..., userDataDir: /tmp/.org.chromium.Chromium...}, fedcm:accounts: true, goog:chromeOptions: {debuggerAddress: localhost:42157}, networkConnectionEnabled: false, pageLoadStrategy: normal, platformName: linux, proxy: Proxy(), se:cdp: ws://localhost:42157/devtoo..., se:cdpVersion: 130.0.6723.58, setWindowRect: true, strictFileInteractability: false, timeouts: {implicit: 0, pageLoad: 300000, script: 30000}, unhandledPromptBehavior: dismiss and notify, webauthn:extension:credBlob: true, webauthn:extension:largeBlob: true, webauthn:extension:minPinLength: true, webauthn:extension:prf: true, webauthn:virtualAuthenticators: true}
Element: [[ChromeDriver: chrome on linux (a2cebbd6d2afb69e8d0ba1e833550e70)] -&gt; xpath: //button[normalize-space()=&#039;Add New User Role&#039;]]
Session ID: a2cebbd6d2afb69e8d0ba1e833550e70" type="org.openqa.selenium.ElementClickInterceptedException">
      <![CDATA[org.openqa.selenium.ElementClickInterceptedException: element click intercepted: Element <button type="button" class="flex items-center justify-center px-4 py-2 text-sm font-medium text-accent rounded-lg bg-primary hover:bg-primary-800 ">...</button> is not clickable at point (1740, 73). Other element would receive the click: <div class="absolute w-full h-full bg-gray-900 dark:bg-[#121212] opacity-50" style="opacity: 0.5; will-change: auto;"></div>
  (Session info: chrome=130.0.6723.58)
Build info: version: '4.25.0', revision: '8a8aea2337'
System info: os.name: 'Linux', os.arch: 'amd64', os.version: '6.8.0-47-generic', java.version: '21.0.4'
Driver info: org.openqa.selenium.chrome.ChromeDriver
Command: [a2cebbd6d2afb69e8d0ba1e833550e70, clickElement {id=f.E7E512560B54127F4C1999363F3047DE.d.0A7D5B8340E1D20D49A545111347C7A3.e.160}]
Capabilities {acceptInsecureCerts: false, browserName: chrome, browserVersion: 130.0.6723.58, chrome: {chromedriverVersion: 130.0.6723.58 (3a50e012e4c9..., userDataDir: /tmp/.org.chromium.Chromium...}, fedcm:accounts: true, goog:chromeOptions: {debuggerAddress: localhost:42157}, networkConnectionEnabled: false, pageLoadStrategy: normal, platformName: linux, proxy: Proxy(), se:cdp: ws://localhost:42157/devtoo..., se:cdpVersion: 130.0.6723.58, setWindowRect: true, strictFileInteractability: false, timeouts: {implicit: 0, pageLoad: 300000, script: 30000}, unhandledPromptBehavior: dismiss and notify, webauthn:extension:credBlob: true, webauthn:extension:largeBlob: true, webauthn:extension:minPinLength: true, webauthn:extension:prf: true, webauthn:virtualAuthenticators: true}
Element: [[ChromeDriver: chrome on linux (a2cebbd6d2afb69e8d0ba1e833550e70)] -> xpath: //button[normalize-space()='Add New User Role']]
Session ID: a2cebbd6d2afb69e8d0ba1e833550e70
at java.base/jdk.internal.reflect.DirectConstructorHandleAccessor.newInstance(DirectConstructorHandleAccessor.java:62)
at java.base/java.lang.reflect.Constructor.newInstanceWithCaller(Constructor.java:502)
at java.base/java.lang.reflect.Constructor.newInstance(Constructor.java:486)
at org.openqa.selenium.remote.ErrorCodec.decode(ErrorCodec.java:167)
at org.openqa.selenium.remote.codec.w3c.W3CHttpResponseCodec.decode(W3CHttpResponseCodec.java:138)
at org.openqa.selenium.remote.codec.w3c.W3CHttpResponseCodec.decode(W3CHttpResponseCodec.java:50)
at org.openqa.selenium.remote.HttpCommandExecutor.execute(HttpCommandExecutor.java:190)
at org.openqa.selenium.remote.service.DriverCommandExecutor.invokeExecute(DriverCommandExecutor.java:216)
at org.openqa.selenium.remote.service.DriverCommandExecutor.execute(DriverCommandExecutor.java:174)
at org.openqa.selenium.remote.RemoteWebDriver.execute(RemoteWebDriver.java:545)
at org.openqa.selenium.remote.RemoteWebElement.execute(RemoteWebElement.java:223)
at org.openqa.selenium.remote.RemoteWebElement.click(RemoteWebElement.java:76)
at com.timik.pages.AddUserRolesPage.clickAddNewUserRoleButton(AddUserRolesPage.java:32)
at com.timik.tests.AddUserRolesTest.testAddingNewUserRoleWithDuplicateRoleName(AddUserRolesTest.java:102)
at java.base/jdk.internal.reflect.DirectMethodHandleAccessor.invoke(DirectMethodHandleAccessor.java:103)
at java.base/java.lang.reflect.Method.invoke(Method.java:580)
at org.testng.internal.MethodInvocationHelper.invokeMethod(MethodInvocationHelper.java:133)
at org.testng.internal.TestInvoker.invokeMethod(TestInvoker.java:598)
at org.testng.internal.TestInvoker.invokeTestMethod(TestInvoker.java:173)
at org.testng.internal.MethodRunner.runInSequence(MethodRunner.java:46)
at org.testng.internal.TestInvoker$MethodInvocationAgent.invoke(TestInvoker.java:824)
at org.testng.internal.TestInvoker.invokeTestMethods(TestInvoker.java:146)
at org.testng.internal.TestMethodWorker.invokeTestMethods(TestMethodWorker.java:146)
at org.testng.internal.TestMethodWorker.run(TestMethodWorker.java:128)
at java.base/java.util.ArrayList.forEach(ArrayList.java:1596)
at org.testng.TestRunner.privateRun(TestRunner.java:794)
at org.testng.TestRunner.run(TestRunner.java:596)
at org.testng.SuiteRunner.runTest(SuiteRunner.java:377)
at org.testng.SuiteRunner.runSequentially(SuiteRunner.java:371)
at org.testng.SuiteRunner.privateRun(SuiteRunner.java:332)
at org.testng.SuiteRunner.run(SuiteRunner.java:276)
at org.testng.SuiteRunnerWorker.runSuite(SuiteRunnerWorker.java:53)
at org.testng.SuiteRunnerWorker.run(SuiteRunnerWorker.java:96)
at org.testng.TestNG.runSuitesSequentially(TestNG.java:1212)
at org.testng.TestNG.runSuitesLocally(TestNG.java:1134)
at org.testng.TestNG.runSuites(TestNG.java:1063)
at org.testng.TestNG.run(TestNG.java:1031)
at org.testng.remote.AbstractRemoteTestNG.run(AbstractRemoteTestNG.java:115)
at org.testng.remote.RemoteTestNG.initAndRun(RemoteTestNG.java:293)
at org.testng.remote.RemoteTestNG.main(RemoteTestNG.java:91)
]]>
    </error>
  </testcase> <!-- testAddingNewUserRoleWithDuplicateRoleName -->
  <system-out/>
  <testcase classname="com.timik.tests.AddUserRolesTest" name="verifyAddingUserRoleWithSpecialCharactersInName" time="1.162">
    <error message="element click intercepted: Element &lt;button type=&quot;button&quot; class=&quot;flex items-center justify-center px-4 py-2 text-sm font-medium text-accent rounded-lg bg-primary hover:bg-primary-800 &quot;&gt;...&lt;/button&gt; is not clickable at point (1740, 73). Other element would receive the click: &lt;div class=&quot;absolute w-full h-full bg-gray-900 dark:bg-[#121212] opacity-50&quot; style=&quot;opacity: 0.5; will-change: auto;&quot;&gt;&lt;/div&gt;
  (Session info: chrome=130.0.6723.58)
Build info: version: &#039;4.25.0&#039;, revision: &#039;8a8aea2337&#039;
System info: os.name: &#039;Linux&#039;, os.arch: &#039;amd64&#039;, os.version: &#039;6.8.0-47-generic&#039;, java.version: &#039;21.0.4&#039;
Driver info: org.openqa.selenium.chrome.ChromeDriver
Command: [a2cebbd6d2afb69e8d0ba1e833550e70, clickElement {id=f.E7E512560B54127F4C1999363F3047DE.d.0A7D5B8340E1D20D49A545111347C7A3.e.160}]
Capabilities {acceptInsecureCerts: false, browserName: chrome, browserVersion: 130.0.6723.58, chrome: {chromedriverVersion: 130.0.6723.58 (3a50e012e4c9..., userDataDir: /tmp/.org.chromium.Chromium...}, fedcm:accounts: true, goog:chromeOptions: {debuggerAddress: localhost:42157}, networkConnectionEnabled: false, pageLoadStrategy: normal, platformName: linux, proxy: Proxy(), se:cdp: ws://localhost:42157/devtoo..., se:cdpVersion: 130.0.6723.58, setWindowRect: true, strictFileInteractability: false, timeouts: {implicit: 0, pageLoad: 300000, script: 30000}, unhandledPromptBehavior: dismiss and notify, webauthn:extension:credBlob: true, webauthn:extension:largeBlob: true, webauthn:extension:minPinLength: true, webauthn:extension:prf: true, webauthn:virtualAuthenticators: true}
Element: [[ChromeDriver: chrome on linux (a2cebbd6d2afb69e8d0ba1e833550e70)] -&gt; xpath: //button[normalize-space()=&#039;Add New User Role&#039;]]
Session ID: a2cebbd6d2afb69e8d0ba1e833550e70" type="org.openqa.selenium.ElementClickInterceptedException">
      <![CDATA[org.openqa.selenium.ElementClickInterceptedException: element click intercepted: Element <button type="button" class="flex items-center justify-center px-4 py-2 text-sm font-medium text-accent rounded-lg bg-primary hover:bg-primary-800 ">...</button> is not clickable at point (1740, 73). Other element would receive the click: <div class="absolute w-full h-full bg-gray-900 dark:bg-[#121212] opacity-50" style="opacity: 0.5; will-change: auto;"></div>
  (Session info: chrome=130.0.6723.58)
Build info: version: '4.25.0', revision: '8a8aea2337'
System info: os.name: 'Linux', os.arch: 'amd64', os.version: '6.8.0-47-generic', java.version: '21.0.4'
Driver info: org.openqa.selenium.chrome.ChromeDriver
Command: [a2cebbd6d2afb69e8d0ba1e833550e70, clickElement {id=f.E7E512560B54127F4C1999363F3047DE.d.0A7D5B8340E1D20D49A545111347C7A3.e.160}]
Capabilities {acceptInsecureCerts: false, browserName: chrome, browserVersion: 130.0.6723.58, chrome: {chromedriverVersion: 130.0.6723.58 (3a50e012e4c9..., userDataDir: /tmp/.org.chromium.Chromium...}, fedcm:accounts: true, goog:chromeOptions: {debuggerAddress: localhost:42157}, networkConnectionEnabled: false, pageLoadStrategy: normal, platformName: linux, proxy: Proxy(), se:cdp: ws://localhost:42157/devtoo..., se:cdpVersion: 130.0.6723.58, setWindowRect: true, strictFileInteractability: false, timeouts: {implicit: 0, pageLoad: 300000, script: 30000}, unhandledPromptBehavior: dismiss and notify, webauthn:extension:credBlob: true, webauthn:extension:largeBlob: true, webauthn:extension:minPinLength: true, webauthn:extension:prf: true, webauthn:virtualAuthenticators: true}
Element: [[ChromeDriver: chrome on linux (a2cebbd6d2afb69e8d0ba1e833550e70)] -> xpath: //button[normalize-space()='Add New User Role']]
Session ID: a2cebbd6d2afb69e8d0ba1e833550e70
at java.base/jdk.internal.reflect.DirectConstructorHandleAccessor.newInstance(DirectConstructorHandleAccessor.java:62)
at java.base/java.lang.reflect.Constructor.newInstanceWithCaller(Constructor.java:502)
at java.base/java.lang.reflect.Constructor.newInstance(Constructor.java:486)
at org.openqa.selenium.remote.ErrorCodec.decode(ErrorCodec.java:167)
at org.openqa.selenium.remote.codec.w3c.W3CHttpResponseCodec.decode(W3CHttpResponseCodec.java:138)
at org.openqa.selenium.remote.codec.w3c.W3CHttpResponseCodec.decode(W3CHttpResponseCodec.java:50)
at org.openqa.selenium.remote.HttpCommandExecutor.execute(HttpCommandExecutor.java:190)
at org.openqa.selenium.remote.service.DriverCommandExecutor.invokeExecute(DriverCommandExecutor.java:216)
at org.openqa.selenium.remote.service.DriverCommandExecutor.execute(DriverCommandExecutor.java:174)
at org.openqa.selenium.remote.RemoteWebDriver.execute(RemoteWebDriver.java:545)
at org.openqa.selenium.remote.RemoteWebElement.execute(RemoteWebElement.java:223)
at org.openqa.selenium.remote.RemoteWebElement.click(RemoteWebElement.java:76)
at com.timik.pages.AddUserRolesPage.clickAddNewUserRoleButton(AddUserRolesPage.java:32)
at com.timik.tests.AddUserRolesTest.verifyAddingUserRoleWithSpecialCharactersInName(AddUserRolesTest.java:116)
at java.base/jdk.internal.reflect.DirectMethodHandleAccessor.invoke(DirectMethodHandleAccessor.java:103)
at java.base/java.lang.reflect.Method.invoke(Method.java:580)
at org.testng.internal.MethodInvocationHelper.invokeMethod(MethodInvocationHelper.java:133)
at org.testng.internal.TestInvoker.invokeMethod(TestInvoker.java:598)
at org.testng.internal.TestInvoker.invokeTestMethod(TestInvoker.java:173)
at org.testng.internal.MethodRunner.runInSequence(MethodRunner.java:46)
at org.testng.internal.TestInvoker$MethodInvocationAgent.invoke(TestInvoker.java:824)
at org.testng.internal.TestInvoker.invokeTestMethods(TestInvoker.java:146)
at org.testng.internal.TestMethodWorker.invokeTestMethods(TestMethodWorker.java:146)
at org.testng.internal.TestMethodWorker.run(TestMethodWorker.java:128)
at java.base/java.util.ArrayList.forEach(ArrayList.java:1596)
at org.testng.TestRunner.privateRun(TestRunner.java:794)
at org.testng.TestRunner.run(TestRunner.java:596)
at org.testng.SuiteRunner.runTest(SuiteRunner.java:377)
at org.testng.SuiteRunner.runSequentially(SuiteRunner.java:371)
at org.testng.SuiteRunner.privateRun(SuiteRunner.java:332)
at org.testng.SuiteRunner.run(SuiteRunner.java:276)
at org.testng.SuiteRunnerWorker.runSuite(SuiteRunnerWorker.java:53)
at org.testng.SuiteRunnerWorker.run(SuiteRunnerWorker.java:96)
at org.testng.TestNG.runSuitesSequentially(TestNG.java:1212)
at org.testng.TestNG.runSuitesLocally(TestNG.java:1134)
at org.testng.TestNG.runSuites(TestNG.java:1063)
at org.testng.TestNG.run(TestNG.java:1031)
at org.testng.remote.AbstractRemoteTestNG.run(AbstractRemoteTestNG.java:115)
at org.testng.remote.RemoteTestNG.initAndRun(RemoteTestNG.java:293)
at org.testng.remote.RemoteTestNG.main(RemoteTestNG.java:91)
]]>
    </error>
  </testcase> <!-- verifyAddingUserRoleWithSpecialCharactersInName -->
  <system-out/>
</testsuite> <!-- com.timik.tests.AddUserRolesTest -->
